A5:5A:5D:82:10:00:14:85:00:00:00:03:00:63:00:E0:00:1A:00:18:00:01:0F:C9:00:00:00:01:00:01:0F:D0:0F:CD:0F:D1:10:33:10:2F:0F:5C:0F:53:0F:C3:0F:C2:0F:CF:0F:C1:0F:CF:0F:D0:00:00:00:00:00:00:00:00:00:00:00:00:00:00:00:00:00:00:00:00:00:00:00:00:00:00:00:00:00:00:00:00:00:00:00:00:00:00:00:00
A5:5A:05:82:20:03:07:E0
A5:5A:05:82:20:13:07:E0
A5:5A:05:82:20:23:07:E0
A5:5A:05:82:20:33:00:1F
A5:5A:05:82:20:43:07:E0
A5:5A:05:82:20:53:07:E0
A5:5A:05:82:20:63:F8:00
A5:5A:05:82:20:73:07:E0
A5:5A:05:82:20:83:07:E0
A5:5A:05:82:20:93:07:E0
A5:5A:05:82:20:A3:07:E0
A5:5A:05:82:20:B3:07:E0
A5:5A:05:82:20:C3:07:E0
A5:5A:05:82:20:D3:00:00
A5:5A:05:82:20:E3:00:00
A5:5A:05:82:20:F3:00:00
A5:5A:05:82:21:03:00:00
A5:5A:05:82:21:13:00:00
A5:5A:05:82:21:23:00:00
A5:5A:05:82:21:33:00:00
A5:5A:05:82:21:43:00:00
A5:5A:05:82:21:53:00:00
A5:5A:05:82:21:63:00:00
A5:5A:05:82:21:73:00:00
A5:5A:03:80:01:00
A5:5A:5D:82:10:00:14:85:00:00:00:03:00:63:00:E0:00:1A:00:18:00:01:0F:C9:00:00:00:01:00:01:0F:D0:0F:CD:0F:D1:10:33:10:2F:0F:5C:0F:53:0F:C5:0F:C3:0F:CF:0F:C2:0F:CF:0F:D1:00:00:00:00:00:00:00:00:00:00:00:00:00:00:00:00:00:00:00:00:00:00:00:00:00:00:00:00:00:00:00:00:00:00:00:00:00:00:00:00
A5:5A:05:82:20:03:07:E0
A5:5A:05:82:20:13:07:E0
A5:5A:05:82:20:23:07:E0
A5:5A:05:82:20:33:00:1F
A5:5A:05:82:20:43:07:E0
A5:5A:05:82:20:53:07:E0
A5:5A:05:82:20:63:F8:00
A5:5A:05:82:20:73:07:E0
A5:5A:05:82:20:83:07:E0
A5:5A:05:82:20:93:07:E0
A5:5A:05:82:20:A3:07:E0
A5:5A:05:82:20:B3:07:E0
A5:5A:05:82:20:C3:07:E0
A5:5A:05:82:20:D3:00:00
A5:5A:05:82:20:E3:00:00
A5:5A:05:82:20:F3:00:00
A5:5A:05:82:21:03:00:00
A5:5A:05:82:21:13:00:00
A5:5A:05:82:21:23:00:00
A5:5A:05:82:21:33:00:00
A5:5A:05:82:21:43:00:00
A5:5A:05:82:21:53:00:00
A5:5A:05:82:21:63:00:00
A5:5A:05:82:21:73:00:00
A5:5A:03:80:01:00
A5:5A:5D:82:10:00:14:85:00:00:00:03:00:63:00:DF:00:1A:00:18:00:01:0F:C9:00:00:00:01:00:01:0F:D0:0F:CD:0F:D1:10:33:10:2F:0F:5C:0F:53:0F:C5:0F:C2:0F:CF:0F:C2:0F:D0:0F:D1:00:00:00:00:00:00:00:00:00:00:00:00:00:00:00:00:00:00:00:00:00:00:00:00:00:00:00:00:00:00:00:00:00:00:00:00:00:00:00:00
A5:5A:05:82:20:03:07:E0
A5:5A:05:82:20:13:07:E0
A5:5A:05:82:20:23:07:E0
A5:5A:05:82:20:33:00:1F
A5:5A:05:82:20:43:07:E0
A5:5A:05:82:20:53:07:E0
A5:5A:05:82:20:63:F8:00
A5:5A:05:82:20:73:07:E0
A5:5A:05:82:20:83:07:E0
A5:5A:05:82:20:93:07:E0
A5:5A:05:82:20:A3:07:E0
A5:5A:05:82:20:B3:07:E0
A5:5A:05:82:20:C3:07:E0
A5:5A:05:82:20:D3:00:00
A5:5A:05:82:20:E3:00:00
A5:5A:05:82:20:F3:00:00
A5:5A:05:82:21:03:00:00
A5:5A:05:82:21:13:00:00
A5:5A:05:82:21:23:00:00
A5:5A:05:82:21:33:00:00
A5:5A:05:82:21:43:00:00
A5:5A:05:82:21:53:00:00
A5:5A:05:82:21:63:00:00
A5:5A:05:82:21:73:00:00
A5:5A:03:80:01:00
A5:5A:5D:82:10:00:14:85:00:00:00:03:00:63:00:DF:00:1A:00:18:00:01:0F:C9:00:00:00:01:00:01:0F:D0:0F:CD:0F:D1:10:33:10:2E:0F:5C:0F:53:0F:C5:0F:C3:0F:D0:0F:C2:0F:CF:0F:D1:00:00:00:00:00:00:00:00:00:00:00:00:00:00:00:00:00:00:00:00:00:00:00:00:00:00:00:00:00:00:00:00:00:00:00:00:00:00:00:00
A5:5A:05:82:20:03:07:E0
A5:5A:05:82:20:13:07:E0
A5:5A:05:82:20:23:07:E0
A5:5A:05:82:20:33:00:1F
A5:5A:05:82:20:43:07:E0
A5:5A:05:82:20:53:07:E0
A5:5A:05:82:20:63:F8:00
A5:5A:05:82:20:73:07:E0
A5:5A:05:82:20:83:07:E0
A5:5A:05:82:20:93:07:E0
A5:5A:05:82:20:A3:07:E0
A5:5A:05:82:20:B3:07:E0
A5:5A:05:82:20:C3:07:E0
A5:5A:05:82:20:D3:00:00
A5:5A:05:82:20:E3:00:00
A5:5A:05:82:20:F3:00:00
A5:5A:05:82:21:03:00:00
A5:5A:05:82:21:13:00:00
A5:5A:05:82:21:23:00:00
A5:5A:05:82:21:33:00:00
A5:5A:05:82:21:43:00:00
A5:5A:05:82:21:53:00:00
A5:5A:05:82:21:63:00:00
A5:5A:05:82:21:73:00:00
A5:5A:03:80:01:00
A5:5A:5D:82:10:00:14:85:00:00:00:03:00:63:00:DF:00:1A:00:18:00:01:0F:C9:00:00:00:01:00:01:0F:D0:0F:CD:0F:D1:10:33:10:2F:0F:5C:0F:53:0F:C5:0F:C2:0F:CF:0F:C2:0F:CF:0F:D1:00:00:00:00:00:00:00:00:00:00:00:00:00:00:00:00:00:00:00:00:00:00:00:00:00:00:00:00:00:00:00:00:00:00:00:00:00:00:00:00
A5:5A:05:82:20:03:07:E0
A5:5A:05:82:20:13:07:E0
A5:5A:05:82:20:23:07:E0
A5:5A:05:82:20:33:00:1F
A5:5A:05:82:20:43:07:E0
A5:5A:05:82:20:53:07:E0
A5:5A:05:82:20:63:F8:00
A5:5A:05:82:20:73:07:E0
A5:5A:05:82:20:83:07:E0
A5:5A:05:82:20:93:07:E0
A5:5A:05:82:20:A3:07:E0
A5:5A:05:82:20:B3:07:E0
A5:5A:05:82:20:C3:07:E0
A5:5A:05:82:20:D3:00:00
A5:5A:05:82:20:E3:00:00
A5:5A:05:82:20:F3:00:00
A5:5A:05:82:21:03:00:00
A5:5A:05:82:21:13:00:00
A5:5A:05:82:21:23:00:00
A5:5A:05:82:21:33:00:00
A5:5A:05:82:21:43:00:00
A5:5A:05:82:21:53:00:00
A5:5A:05:82:21:63:00:00
A5:5A:05:82:21:73:00:00
A5:5A:03:80:01:00
A5:5A:5D:82:10:00:14:85:00:00:00:03:00:63:00:E0:00:1A:00:18:00:01:0F:C9:00:00:00:01:00:01:0F:D0:0F:CD:0F:D1:10:33:10:2F:0F:5C:0F:54:0F:C3:0F:C2:0F:CF:0F:C1:0F:CF:0F:D1:00:00:00:00:00:00:00:00:00:00:00:00:00:00:00:00:00:00:00:00:00:00:00:00:00:00:00:00:00:00:00:00:00:00:00:00:00:00:00:00
A5:5A:05:82:20:03:07:E0
A5:5A:05:82:20:13:07:E0
A5:5A:05:82:20:23:07:E0
A5:5A:05:82:20:33:00:1F
A5:5A:05:82:20:43:07:E0
A5:5A:05:82:20:53:07:E0
A5:5A:05:82:20:63:F8:00
A5:5A:05:82:20:73:07:E0
A5:5A:05:82:20:83:07:E0
A5:5A:05:82:20:93:07:E0
A5:5A:05:82:20:A3:07:E0
A5:5A:05:82:20:B3:07:E0
A5:5A:05:82:20:C3:07:E0
A5:5A:05:82:20:D3:00:00
A5:5A:05:82:20:E3:00:00
A5:5A:05:82:20:F3:00:00
A5:5A:05:82:21:03:00:00
A5:5A:05:82:21:13:00:00
A5:5A:05:82:21:23:00:00
A5:5A:05:82:21:33:00:00
A5:5A:05:82:21:43:00:00
A5:5A:05:82:21:53:00:00
A5:5A:05:82:21:63:00:00
A5:5A:05:82:21:73:00:00
A5:5A:03:80:01:00
A5:5A:5D:82:10:00:14:85:00:00:00:03:00:63:00:E0:00:1A:00:18:00:01:0F:C9:00:00:00:01:00:01:0F:D0:0F:CD:0F:D1:10:33:10:2F:0F:5C:0F:53:0F:C3:0F:C3:0F:D0:0F:C2:0F:CF:0F:D1:00:00:00:00:00:00:00:00:00:00:00:00:00:00:00:00:00:00:00:00:00:00:00:00:00:00:00:00:00:00:00:00:00:00:00:00:00:00:00:00
A5:5A:05:82:20:03:07:E0
A5:5A:05:82:20:13:07:E0
A5:5A:05:82:20:23:07:E0
A5:5A:05:82:20:33:00:1F
A5:5A:05:82:20:43:07:E0
A5:5A:05:82:20:53:07:E0
A5:5A:05:82:20:63:F8:00
A5:5A:05:82:20:73:07:E0
A5:5A:05:82:20:83:07:E0
A5:5A:05:82:20:93:07:E0
A5:5A:05:82:20:A3:07:E0
A5:5A:05:82:20:B3:07:E0
A5:5A:05:82:20:C3:07:E0
A5:5A:05:82:20:D3:00:00
A5:5A:05:82:20:E3:00:00
A5:5A:05:82:20:F3:00:00
A5:5A:05:82:21:03:00:00
A5:5A:05:82:21:13:00:00
A5:5A:05:82:21:23:00:00
A5:5A:05:82:21:33:00:00
A5:5A:05:82:21:43:00:00
A5:5A:05:82:21:53:00:00
A5:5A:05:82:21:63:00:00
A5:5A:05:82:21:73:00:00
A5:5A:03:80:01:00
A5:5A:5D:82:10:00:14:85:00:00:00:03:00:63:00:E0:00:1A:00:18:00:01:0F:C9:00:00:00:01:00:01:0F:D0:0F:CD:0F:D1:10:33:10:2F:0F:5C:0F:53:0F:C3:0F:C3:0F:D0:0F:C2:0F:CF:0F:D1:00:00:00:00:00:00:00:00:00:00:00:00:00:00:00:00:00:00:00:00:00:00:00:00:00:00:00:00:00:00:00:00:00:00:00:00:00:00:00:00
A5:5A:05:82:20:03:07:E0
A5:5A:05:82:20:13:07:E0
A5:5A:05:82:20:23:07:E0
A5:5A:05:82:20:33:00:1F
A5:5A:05:82:20:43:07:E0
A5:5A:05:82:20:53:07:E0
A5:5A:05:82:20:63:F8:00
A5:5A:05:82:20:73:07:E0
A5:5A:05:82:20:83:07:E0
A5:5A:05:82:20:93:07:E0
A5:5A:05:82:20:A3:07:E0
A5:5A:05:82:20:B3:07:E0
A5:5A:05:82:20:C3:07:E0
A5:5A:05:82:20:D3:00:00
A5:5A:05:82:20:E3:00:00
A5:5A:05:82:20:F3:00:00
A5:5A:05:82:21:03:00:00
A5:5A:05:82:21:13:00:00
A5:5A:05:82:21:23:00:00
A5:5A:05:82:21:33:00:00
A5:5A:05:82:21:43:00:00
A5:5A:05:82:21:53:00:00
A5:5A:05:82:21:63:00:00
A5:5A:05:82:21:73:00:00
A5:5A:03:80:01:00
A5:5A:5D:82:10:00:14:85:00:00:00:03:00:63:00:E0:00:1A:00:18:00:01:0F:C9:00:00:00:01:00:01:0F:D0:0F:CD:0F:D1:10:33:10:2F:0F:5C:0F:53:0F:C5:0F:C3:0F:D0:0F:C2:0F:CF:0F:D1:00:00:00:00:00:00:00:00:00:00:00:00:00:00:00:00:00:00:00:00:00:00:00:00:00:00:00:00:00:00:00:00:00:00:00:00:00:00:00:00
A5:5A:05:82:20:03:07:E0
A5:5A:05:82:20:13:07:E0
A5:5A:05:82:20:23:07:E0
A5:5A:05:82:20:33:00:1F
A5:5A:05:82:20:43:07:E0
A5:5A:05:82:20:53:07:E0
A5:5A:05:82:20:63:F8:00
A5:5A:05:82:20:73:07:E0
A5:5A:05:82:20:83:07:E0
A5:5A:05:82:20:93:07:E0
A5:5A:05:82:20:A3:07:E0
A5:5A:05:82:20:B3:07:E0
A5:5A:05:82:20:C3:07:E0
A5:5A:05:82:20:D3:00:00
A5:5A:05:82:20:E3:00:00
A5:5A:05:82:20:F3:00:00
A5:5A:05:82:21:03:00:00
A5:5A:05:82:21:13:00:00
A5:5A:05:82:21:23:00:00
A5:5A:05:82:21:33:00:00
A5:5A:05:82:21:43:00:00
A5:5A:05:82:21:53:00:00
A5:5A:05:82:21:63:00:00
A5:5A:05:82:21:73:00:00
A5:5A:03:80:01:00
A5:5A:5D:82:10:00:14:85:00:00:00:03:00:63:00:E0:00:1A:00:18:00:01:0F:C9:00:00:00:01:00:01:0F:D0:0F:CD:0F:D1:10:33:10:2F:0F:5C:0F:53:0F:C3:0F:C3:0F:D0:0F:C2:0F:CF:0F:D1:00:00:00:00:00:00:00:00:00:00:00:00:00:00:00:00:00:00:00:00:00:00:00:00:00:00:00:00:00:00:00:00:00:00:00:00:00:00:00:00
A5:5A:05:82:20:03:07:E0
A5:5A:05:82:20:13:07:E0
A5:5A:05:82:20:23:07:E0
A5:5A:05:82:20:33:00:1F
A5:5A:05:82:20:43:07:E0
A5:5A:05:82:20:53:07:E0
A5:5A:05:82:20:63:F8:00
A5:5A:05:82:20:73:07:E0
A5:5A:05:82:20:83:07:E0
A5:5A:05:82:20:93:07:E0
A5:5A:05:82:20:A3:07:E0
A5:5A:05:82:20:B3:07:E0
A5:5A:05:82:20:C3:07:E0
A5:5A:05:82:20:D3:00:00
A5:5A:05:82:20:E3:00:00
A5:5A:05:82:20:F3:00:00
A5:5A:05:82:21:03:00:00
A5:5A:05:82:21:13:00:00
A5:5A:05:82:21:23:00:00
A5:5A:05:82:21:33:00:00
A5:5A:05:82:21:43:00:00
A5:5A:05:82:21:53:00:00
A5:5A:05:82:21:63:00:00
A5:5A:05:82:21:73:00:00
A5:5A:03:80:01:00
A5:5A:5D:82:10:00:14:85:00:00:00:03:00:63:00:E0:00:1A:00:18:00:01:0F:C9:00:00:00:01:00:01:0F:D0:0F:CD:0F:D1:10:33:10:2F:0F:5C:0F:53:0F:C5:0F:C3:0F:D0:0F:C1:0F:D0:0F:D1:00:00:00:00:00:00:00:00:00:00:00:00:00:00:00:00:00:00:00:00:00:00:00:00:00:00:00:00:00:00:00:00:00:00:00:00:00:00:00:00
A5:5A:05:82:20:03:07:E0
A5:5A:05:82:20:13:07:E0
A5:5A:05:82:20:23:07:E0
A5:5A:05:82:20:33:00:1F
A5:5A:05:82:20:43:07:E0
A5:5A:05:82:20:53:07:E0
A5:5A:05:82:20:63:F8:00
A5:5A:05:82:20:73:07:E0
A5:5A:05:82:20:83:07:E0
A5:5A:05:82:20:93:07:E0
A5:5A:05:82:20:A3:07:E0
A5:5A:05:82:20:B3:07:E0
A5:5A:05:82:20:C3:07:E0
A5:5A:05:82:20:D3:00:00
A5:5A:05:82:20:E3:00:00
A5:5A:05:82:20:F3:00:00
A5:5A:05:82:21:03:00:00
A5:5A:05:82:21:13:00:00
A5:5A:05:82:21:23:00:00
A5:5A:05:82:21:33:00:00
A5:5A:05:82:21:43:00:00
A5:5A:05:82:21:53:00:00
A5:5A:05:82:21:63:00:00
A5:5A:05:82:21:73:00:00
A5:5A:03:80:01:00
A5:5A:5D:82:10:00:14:85:00:00:00:03:00:63:00:E0:00:1A:00:18:00:01:0F:C9:00:00:00:01:00:01:0F:D0:0F:CD:0F:D1:10:33:10:2F:0F:5C:0F:53:0F:C3:0F:C2:0F:D0:0F:C2:0F:CF:0F:D0:00:00:00:00:00:00:00:00:00:00:00:00:00:00:00:00:00:00:00:00:00:00:00:00:00:00:00:00:00:00:00:00:00:00:00:00:00:00:00:00
A5:5A:05:82:20:03:07:E0
A5:5A:05:82:20:13:07:E0
A5:5A:05:82:20:23:07:E0
A5:5A:05:82:20:33:00:1F
A5:5A:05:82:20:43:07:E0
A5:5A:05:82:20:53:07:E0
A5:5A:05:82:20:63:F8:00
A5:5A:05:82:20:73:07:E0
A5:5A:05:82:20:83:07:E0
A5:5A:05:82:20:93:07:E0
A5:5A:05:82:20:A3:07:E0
A5:5A:05:82:20:B3:07:E0
A5:5A:05:82:20:C3:07:E0
A5:5A:05:82:20:D3:00:00
A5:5A:05:82:20:E3:00:00
A5:5A:05:82:20:F3:00:00
A5:5A:05:82:21:03:00:00
A5:5A:05:82:21:13:00:00
A5:5A:05:82:21:23:00:00
A5:5A:05:82:21:33:00:00
A5:5A:05:82:21:43:00:00
A5:5A:05:82:21:53:00:00
A5:5A:05:82:21:63:00:00
A5:5A:05:82:21:73:00:00
A5:5A:03:80:01:00
A5:5A:5D:82:10:00:14:85:00:00:00:03:00:63:00:E0:00:1A:00:18:00:01:0F:C9:00:00:00:01:00:01:0F:D0:0F:CD:0F:D1:10:33:10:2F:0F:5C:0F:54:0F:C5:0F:C3:0F:CF:0F:C2:0F:CF:0F:D1:00:00:00:00:00:00:00:00:00:00:00:00:00:00:00:00:00:00:00:00:00:00:00:00:00:00:00:00:00:00:00:00:00:00:00:00:00:00:00:00
A5:5A:05:82:20:03:07:E0
A5:5A:05:82:20:13:07:E0
A5:5A:05:82:20:23:07:E0
A5:5A:05:82:20:33:00:1F
A5:5A:05:82:20:43:07:E0
A5:5A:05:82:20:53:07:E0
A5:5A:05:82:20:63:F8:00
A5:5A:05:82:20:73:07:E0
A5:5A:05:82:20:83:07:E0
A5:5A:05:82:20:93:07:E0
A5:5A:05:82:20:A3:07:E0
A5:5A:05:82:20:B3:07:E0
A5:5A:05:82:20:C3:07:E0
A5:5A:05:82:20:D3:00:00
A5:5A:05:82:20:E3:00:00
A5:5A:05:82:20:F3:00:00
A5:5A:05:82:21:03:00:00
A5:5A:05:82:21:13:00:00
A5:5A:05:82:21:23:00:00
A5:5A:05:82:21:33:00:00
A5:5A:05:82:21:43:00:00
A5:5A:05:82:21:53:00:00
A5:5A:05:82:21:63:00:00
A5:5A:05:82:21:73:00:00
A5:5A:03:80:01:00
A5:5A:5D:82:10:00:14:85:00:00:00:03:00:63:00:E0:00:1A:00:18:00:01:0F:C9:00:00:00:01:00:01:0F:D0:0F:CD:0F:D1:10:33:10:2F:0F:5C:0F:53:0F:C5:0F:C3:0F:D0:0F:C2:0F:CF:0F:D1:00:00:00:00:00:00:00:00:00:00:00:00:00:00:00:00:00:00:00:00:00:00:00:00:00:00:00:00:00:00:00:00:00:00:00:00:00:00:00:00
A5:5A:05:82:20:03:07:E0
A5:5A:05:82:20:13:07:E0
A5:5A:05:82:20:23:07:E0
A5:5A:05:82:20:33:00:1F
A5:5A:05:82:20:43:07:E0
A5:5A:05:82:20:53:07:E0
A5:5A:05:82:20:63:F8:00
A5:5A:05:82:20:73:07:E0
A5:5A:05:82:20:83:07:E0
A5:5A:05:82:20:93:07:E0
A5:5A:05:82:20:A3:07:E0
A5:5A:05:82:20:B3:07:E0:A5:5A
05:82:20:C3:07:E0
A5:5A:05:82:20:D3:00:00
A5:5A:05:82:20:E3:00:00
A5:5A:05:82:20:F3:00:00
A5:5A:05:82:21:03:00:00
A5:5A:05:82:21:13:00:00
A5:5A:05:82:21:23:00:00
A5:5A:05:82:21:33:00:00
A5:5A:05:82:21:43:00:00
A5:5A:05:82:21:53:00:00
A5:5A:05:82:21:63:00:00
A5:5A:05:82:21:73:00:00
A5:5A:03:80:01:00
A5:5A:5D:82:10:00:14:85:00:00:00:03:00:63:00:E0:00:1A:00:18:00:01:0F:C9:00:00:00:01:00:01:0F:D0:0F:CD:0F:D1:10:33:10:2F:0F:5C:0F:53:0F:C5:0F:C3:0F:D0:0F:C2:0F:CF:0F:D1:00:00:00:00:00:00:00:00:00:00:00:00:00:00:00:00:00:00:00:00:00:00:00:00:00:00:00:00:00:00:00:00:00:00:00:00:00:00:00:00
A5:5A:05:82:20:03:07:E0
A5:5A:05:82:20:13:07:E0
A5:5A:05:82:20:23:07:E0
A5:5A:05:82:20:33:00:1F
A5:5A:05:82:20:43:07:E0
A5:5A:05:82:20:53:07:E0
A5:5A:05:82:20:63:F8:00
A5:5A:05:82:20:73:07:E0
A5:5A:05:82:20:83:07:E0
A5:5A:05:82:20:93:07:E0
A5:5A:05:82:20:A3:07:E0
A5:5A:05:82:20:B3:07:E0
A5:5A:05:82:20:C3:07:E0
A5:5A:05:82:20:D3:00:00
A5:5A:05:82:20:E3:00:00
A5:5A:05:82:20:F3:00:00
A5:5A:05:82:21:03:00:00
A5:5A:05:82:21:13:00:00
A5:5A:05:82:21:23:00:00
A5:5A:05:82:21:33:00:00
A5:5A:05:82:21:43:00:00
A5:5A:05:82:21:53:00:00
A5:5A:05:82:21:63:00:00
A5:5A:05:82:21:73:00:00
A5:5A:03:80:01:00
A5:5A:5D:82:10:00:14:85:00:00:00:03:00:63:00:E0:00:1A:00:18:00:01:0F:C9:00:00:00:01:00:01:0F:D0:0F:CD:0F:D1:10:33:10:2F:0F:5C:0F:53:0F:C3:0F:C2:0F:D0:0F:C2:0F:CF:0F:D1:00:00:00:00:00:00:00:00:00:00:00:00:00:00:00:00:00:00:00:00:00:00:00:00:00:00:00:00:00:00:00:00:00:00:00:00:00:00:00:00
A5:5A:05:82:20:03:07:E0
A5:5A:05:82:20:13:07:E0
A5:5A:05:82:20:23:07:E0
A5:5A:05:82:20:33:00:1F
A5:5A:05:82:20:43:07:E0
A5:5A:05:82:20:53:07:E0
A5:5A:05:82:20:63:F8:00
A5:5A:05:82:20:73:07:E0
A5:5A:05:82:20:83:07:E0
A5:5A:05:82:20:93:07:E0
A5:5A:05:82:20:A3:07:E0
A5:5A:05:82:20:B3:07:E0
A5:5A:05:82:20:C3:07:E0
A5:5A:05:82:20:D3:00:00
A5:5A:05:82:20:E3:00:00
A5:5A:05:82:20:F3:00:00
A5:5A:05:82:21:03:00:00
A5:5A:05:82:21:13:00:00
A5:5A:05:82:21:23:00:00
A5:5A:05:82:21:33:00:00
A5:5A:05:82:21:43:00:00
A5:5A:05:82:21:53:00:00
A5:5A:05:82:21:63:00:00
A5:5A:05:82:21:73:00:00
A5:5A:03:80:01:00
A5:5A:5D:82:10:00:14:85:00:00:00:03:00:63:00:E0:00:1A:00:18:00:01:0F:C9:00:00:00:01:00:01:0F:D0:0F:CD:0F:D1:10:33:10:2F:0F:5C:0F:53:0F:C3:0F:C3:0F:CF:0F:C2:0F:CF:0F:D1:00:00:00:00:00:00:00:00:00:00:00:00:00:00:00:00:00:00:00:00:00:00:00:00:00:00:00:00:00:00:00:00:00:00:00:00:00:00:00:00
